"../../../Engine/Content/BasicShapes/BasicShapeMaterial.uasset" 0
"../../../Engine/Content/Functions/Engine_MaterialFunctions01/Opacity/CameraDepthFade.uasset" 1
"../../../Engine/Content/EngineMaterials/T_Default_Material_Grid_M.uasset" 2
"../../../Engine/Content/EngineMaterials/T_Default_Material_Grid_N.uasset" 3
"../../../Engine/Content/EngineMaterials/WorldGridMaterial.uasset" 4
"../../../Engine/Content/BasicShapes/Cube.uasset" 5
"D:/Documents/Unreal Projects/GridVillage/GridVillage/Content/Blueprints/Misc/BP_GenerationMarker.uasset" 6
"../../../Engine/Content/EditorBlueprintResources/StandardMacros.uasset" 7
"D:/Documents/Unreal Projects/GridVillage/GridVillage/Content/Blueprints/Directors/BP_DirectorParent.uasset" 8
"D:/Documents/Unreal Projects/GridVillage/GridVillage/Content/Blueprints/Widgets/BP_Button.uasset" 9
"D:/Documents/Unreal Projects/GridVillage/GridVillage/Content/Blueprints/Widgets/BP_Text.uasset" 10
"D:/Documents/Unreal Projects/GridVillage/GridVillage/Content/Blueprints/Enums/E_BuildingType.uasset" 11
"D:/Documents/Unreal Projects/GridVillage/GridVillage/Content/Blueprints/Widgets/WBP_HUD.uasset" 12
"D:/Documents/Unreal Projects/GridVillage/GridVillage/Content/Blueprints/Directors/BP_WidgetDirector.uasset" 13
"D:/Documents/Unreal Projects/GridVillage/GridVillage/Content/Blueprints/Enums/E_ResourceType.uasset" 14
"D:/Documents/Unreal Projects/GridVillage/GridVillage/Content/Blueprints/GridBased/Parents/BP_ParentResource.uasset" 15
"D:/Documents/Unreal Projects/GridVillage/GridVillage/Content/Blueprints/Structs/S_BuildingInfo.uasset" 16
"D:/Documents/Unreal Projects/GridVillage/GridVillage/Content/Blueprints/DataTables/DT_BuildingData.uasset" 17
"D:/Documents/Unreal Projects/GridVillage/GridVillage/Content/Blueprints/Widgets/WBP_SelectedBuildingInfo.uasset" 18
"D:/Documents/Unreal Projects/GridVillage/GridVillage/Content/Blueprints/Widgets/WBP_NeedsWorker.uasset" 19
"D:/Documents/Unreal Projects/GridVillage/GridVillage/Content/Meshes/SM_100Cube.uasset" 20
"D:/Documents/Unreal Projects/GridVillage/GridVillage/Content/Blueprints/GridBased/Parents/BP_GridBase.uasset" 21
"D:/Documents/Unreal Projects/GridVillage/GridVillage/Content/Blueprints/GridBased/Parents/BP_ParentBuilding.uasset" 22
"D:/Documents/Unreal Projects/GridVillage/GridVillage/Content/Blueprints/GridBased/Child/Buildings/BP_House.uasset" 23
"D:/Documents/Unreal Projects/GridVillage/GridVillage/Content/Blueprints/Directors/BP_ResourceDirector.uasset" 24
"D:/Documents/Unreal Projects/GridVillage/GridVillage/Content/Blueprints/GridBased/Child/Buildings/BP_LumberYard.uasset" 25
"D:/Documents/Unreal Projects/GridVillage/GridVillage/Content/Materials/M_Gold.uasset" 26
"D:/Documents/Unreal Projects/GridVillage/GridVillage/Content/Blueprints/GridBased/Child/Natural/BP_Gold.uasset" 27
"D:/Documents/Unreal Projects/GridVillage/GridVillage/Content/Blueprints/GridBased/Child/Buildings/BP_Mine.uasset" 28
"D:/Documents/Unreal Projects/GridVillage/GridVillage/Content/Blueprints/Player/BP_PlayerCamera.uasset" 29
"D:/Documents/Unreal Projects/GridVillage/GridVillage/Content/Curves/Curve_CameraRotation.uasset" 30
"D:/Documents/Unreal Projects/GridVillage/GridVillage/Content/Materials/M_NotOverlapping.uasset" 31
"D:/Documents/Unreal Projects/GridVillage/GridVillage/Content/Materials/M_Overlapping.uasset" 32
"D:/Documents/Unreal Projects/GridVillage/GridVillage/Content/Blueprints/Player/BP_PlayerController.uasset" 33
"D:/Documents/Unreal Projects/GridVillage/GridVillage/Content/Blueprints/Player/BP_Gamemode.uasset" 34
"D:/Documents/Unreal Projects/GridVillage/GridVillage/Content/Meshes/SM_200Square.uasset" 35
"D:/Documents/Unreal Projects/GridVillage/GridVillage/Content/Meshes/SM_Cuboid.uasset" 36
"D:/Documents/Unreal Projects/GridVillage/GridVillage/Content/Meshes/SM_LShape.uasset" 37
"D:/Documents/Unreal Projects/GridVillage/GridVillage/Content/Meshes/SM_TPiece.uasset" 38
"../../../Engine/Content/Animation/DefaultAnimCurveCompressionSettings.uasset" 39
"../../../Engine/Content/ArtTools/RenderToTexture/Meshes/S_1_Unit_Plane.uasset" 40
"../../../Engine/Content/EngineMaterials/DefaultMaterial.uasset" 41
"../../../Engine/Content/BasicShapes/Cone.uasset" 42
"../../../Engine/Content/BasicShapes/Cylinder.uasset" 43
"../../../Engine/Content/BasicShapes/Sphere.uasset" 44
"../../../Engine/Content/EditorLandscapeResources/DataLayer.uasset" 45
"../../../Engine/Content/EditorMaterials/GizmoMaterial.uasset" 46
"../../../Engine/Content/EditorMaterials/MAT_Groups_Toggle.uasset" 47
"../../../Engine/Content/EditorMaterials/MAT_Groups_Visibility.uasset" 48
"../../../Engine/Content/EditorMaterials/PreviewShadowIndicator.uasset" 49
"../../../Engine/Content/EditorMaterials/PreviewShadowIndicatorMaterial.uasset" 50
"../../../Engine/Content/EditorMaterials/MatineeGroups/MAT_ColorTrack.uasset" 51
"../../../Engine/Content/EditorMaterials/MatineeGroups/MAT_Groups_Anim.uasset" 52
"../../../Engine/Content/EditorMaterials/MatineeGroups/MAT_Groups_AudioMaster.uasset" 53
"../../../Engine/Content/EditorMaterials/MatineeGroups/MAT_Groups_Director.uasset" 54
"../../../Engine/Content/EditorMaterials/MatineeGroups/MAT_Groups_Event.uasset" 55
"../../../Engine/Content/EditorMaterials/MatineeGroups/MAT_Groups_Fade.uasset" 56
"../../../Engine/Content/EditorMaterials/MatineeGroups/MAT_Groups_Float.uasset" 57
"../../../Engine/Content/EditorMaterials/MatineeGroups/MAT_Groups_Move.uasset" 58
"../../../Engine/Content/EditorMaterials/MatineeGroups/MAT_Groups_Slomo.uasset" 59
"../../../Engine/Content/EditorMaterials/MatineeGroups/MAT_Groups_Sound.uasset" 60
"../../../Engine/Content/EditorMaterials/MatineeGroups/MAT_Groups_Vector.uasset" 61
"../../../Engine/Content/EditorMaterials/ParticleSystems/PSysThumbnail_NoImage.uasset" 62
"../../../Engine/Content/EditorMaterials/ParticleSystems/PSysThumbnail_OOD.uasset" 63
"../../../Engine/Content/EditorMaterials/Camera/CineMat.uasset" 64
"../../../Engine/Content/EditorMaterials/Camera/MI_CineMat_Rig.uasset" 65
"../../../Engine/Content/EditorMeshes/Camera/SM_CraneRig_Arm.uasset" 66
"../../../Engine/Content/EditorMeshes/Camera/SM_CraneRig_Base.uasset" 67
"../../../Engine/Content/EditorMeshes/Camera/SM_CraneRig_Body.uasset" 68
"../../../Engine/Content/EditorMeshes/Camera/SM_CraneRig_Mount.uasset" 69
"../../../Engine/Content/EditorMeshes/Camera/SM_RailRig_Mount.uasset" 70
"../../../Engine/Content/EditorMeshes/Camera/SM_RailRig_Track.uasset" 71
"../../../Engine/Content/EditorResources/BSPVertex.uasset" 72
"../../../Engine/Content/EditorResources/S_Actor.uasset" 73
"../../../Engine/Content/EditorResources/S_Note.uasset" 74
"../../../Engine/Content/EditorResources/S_Trigger.uasset" 75
"../../../Engine/Content/EditorResources/SequenceRecorder/Countdown.uasset" 76
"../../../Engine/Content/EditorResources/SequenceRecorder/RecordingIndicator.uasset" 77
"../../../Engine/Content/EditorSounds/Notifications/CompileFailed.uasset" 78
"../../../Engine/Content/EditorSounds/Notifications/CompileFailed_Cue.uasset" 79
"../../../Engine/Content/EditorSounds/Notifications/CompileSuccess.uasset" 80
"../../../Engine/Content/EditorSounds/Notifications/CompileStart_Cue.uasset" 81
"../../../Engine/Content/EditorSounds/Notifications/CompileSuccess_Cue.uasset" 82
"../../../Engine/Content/EngineDamageTypes/DmgTypeBP_Environmental.uasset" 83
"../../../Engine/Content/EngineDebugMaterials/HeatmapGradient.uasset" 84
"../../../Engine/Content/EngineDebugMaterials/BoneWeightMaterial.uasset" 85
"../../../Engine/Content/EngineDebugMaterials/ClothMaterial.uasset" 86
"../../../Engine/Content/EngineDebugMaterials/ClothMaterial_WF.uasset" 87
"../../../Engine/Content/EngineDebugMaterials/DebugEditorMaterial.uasset" 88
"../../../Engine/Content/EngineDebugMaterials/DebugMeshMaterial.uasset" 89
"../../../Engine/Content/EngineDebugMaterials/GeomMaterial.uasset" 90
"../../../Engine/Content/EngineDebugMaterials/M_SimpleTranslucent.uasset" 91
"../../../Engine/Content/EngineFonts/Faces/RobotoBold.uasset" 92
"../../../Engine/Content/EngineFonts/Faces/RobotoBoldItalic.uasset" 93
"../../../Engine/Content/EngineFonts/Faces/RobotoItalic.uasset" 94
"../../../Engine/Content/EngineFonts/Faces/RobotoLight.uasset" 95
"../../../Engine/Content/EngineFonts/Faces/RobotoRegular.uasset" 96
"../../../Engine/Content/EngineFonts/Roboto.uasset" 97
"../../../Engine/Content/EngineFonts/Faces/RobotoTiny.uasset" 98
"../../../Engine/Content/EngineFonts/RobotoTiny.uasset" 99
"../../../Engine/Content/EngineMaterials/BaseFlattenDiffuseMap.uasset" 100
"../../../Engine/Content/EngineMaterials/BaseFlattenEmissiveMap.uasset" 101
"../../../Engine/Content/EngineMaterials/BaseFlattenGrayscaleMap.uasset" 102
"../../../Engine/Content/EngineMaterials/BaseFlattenNormalMap.uasset" 103
"../../../Engine/Content/EngineMaterials/BaseFlattenMaterial.uasset" 104
"../../../Engine/Content/EngineMaterials/DefaultBloomKernel.uasset" 105
"../../../Engine/Content/EngineMaterials/DefaultBokeh.uasset" 106
"../../../Engine/Content/EngineMaterials/DefaultDiffuse.uasset" 107
"../../../Engine/Content/EngineMaterials/DefaultDeferredDecalMaterial.uasset" 108
"../../../Engine/Content/EngineMaterials/DefaultLightFunctionMaterial.uasset" 109
"../../../Engine/Content/EngineMaterials/DefaultPhysicalMaterial.uasset" 110
"../../../Engine/Content/Functions/Engine_MaterialFunctions02/Utility/BreakOutFloat2Components.uasset" 111
"../../../Engine/Content/EngineMaterials/DefaultPostProcessMaterial.uasset" 112
"../../../Engine/Content/EngineFonts/RobotoDistanceField.uasset" 113
"../../../Engine/Content/EngineMaterials/DefaultTextMaterialOpaque.uasset" 114
"../../../Engine/Content/EngineMaterials/DefaultWhiteGrid.uasset" 115
"../../../Engine/Content/EngineMaterials/EditorBrushMaterial.uasset" 116
"../../../Engine/Content/EngineMaterials/Good64x64TilingNoiseHighFreq.uasset" 117
"../../../Engine/Content/EngineMaterials/MiniFont.uasset" 118
"../../../Engine/Content/EngineMaterials/InvalidLightmapSettings.uasset" 119
"../../../Engine/Content/EngineMaterials/M_InvalidLightmapSettings.uasset" 120
"../../../Engine/Content/Functions/Engine_MaterialFunctions02/WorldPositionOffset/CameraOffset.uasset" 121
"../../../Engine/Content/EngineMaterials/PhAT_JointLimitMaterial.uasset" 122
"../../../Engine/Content/EngineMaterials/PreintegratedSkinBRDF.uasset" 123
"../../../Engine/Content/EngineMaterials/RemoveSurfaceMaterial.uasset" 124
"../../../Engine/Content/EngineMaterials/WeightMapPlaceholderTexture.uasset" 125
"../../../Engine/Content/EngineResources/WhiteSquareTexture.uasset" 126
"../../../Engine/Content/EngineMaterials/Widget3DPassThrough.uasset" 127
"../../../Engine/Content/EngineMaterials/Widget3DPassThrough_Masked.uasset" 128
"../../../Engine/Content/EngineMaterials/Widget3DPassThrough_Opaque.uasset" 129
"../../../Engine/Content/EngineMaterials/Widget3DPassThrough_Masked_OneSided.uasset" 130
"../../../Engine/Content/EngineMaterials/Widget3DPassThrough_Opaque_OneSided.uasset" 131
"../../../Engine/Content/EngineMaterials/Widget3DPassThrough_Translucent.uasset" 132
"../../../Engine/Content/EngineMaterials/Widget3DPassThrough_Translucent_OneSided.uasset" 133
"../../../Engine/Content/EngineMeshes/Cylinder.uasset" 134
"../../../Engine/Content/EngineMeshes/Sphere.uasset" 135
"../../../Engine/Content/EngineResources/Black.uasset" 136
"../../../Engine/Content/EngineResources/DefaultTexture.uasset" 137
"../../../Engine/Content/EngineResources/DefaultTextureCube.uasset" 138
"../../../Engine/Content/EngineResources/DefaultVolumeTexture2D.uasset" 139
"../../../Engine/Content/EngineResources/DefaultVolumeTexture.uasset" 140
"../../../Engine/Content/EngineResources/GradientTexture0.uasset" 141
"../../../Engine/Content/EngineSounds/Master.uasset" 142
"../../../Engine/Content/Functions/Engine_MaterialFunctions01/Shading/ConvertFromDiffSpec.uasset" 143
"../../../Engine/Content/Functions/Engine_MaterialFunctions01/Shading/PowerToRoughness.uasset" 144
"../../../Engine/Content/Maps/Templates/Thumbnails/Default.uasset" 145
"../../../Engine/Content/Maps/Templates/Thumbnails/VR-Basic.uasset" 146
"../../../Engine/Content/MobileResources/T_MobileControls_texture.uasset" 147
"../../../Engine/Content/MobileResources/T_MobileMenu2.uasset" 148
"../../../Engine/Content/MobileResources/HUD/AnalogHat.uasset" 149
"../../../Engine/Content/MobileResources/HUD/VirtualJoystick_Background.uasset" 150
"../../../Engine/Content/MobileResources/HUD/VirtualJoystick_Thumb.uasset" 151
"../../../Engine/Content/MobileResources/HUD/DefaultVirtualJoysticks.uasset" 152
"../../../Engine/Content/MobileResources/HUD/LeftVirtualJoystickOnly.uasset" 153
"../../../Engine/Content/MobileResources/HUD/MobileHUDButton1_off.uasset" 154
"../../../Engine/Content/MobileResources/HUD/MobileHUDButton1_on.uasset" 155
"../../../Engine/Content/MobileResources/HUD/MobileHUDButton2_off.uasset" 156
"../../../Engine/Content/MobileResources/HUD/MobileHUDButton2_on.uasset" 157
"../../../Engine/Content/MobileResources/HUD/MobileHUDButton3.uasset" 158
"../../../Engine/Content/MobileResources/HUD/MobileHUDButtonFire.uasset" 159
"../../../Engine/Content/MobileResources/HUD/MobileHUDDirectionPad.uasset" 160
"../../../Engine/Content/MobileResources/HUD/MobileHUDDirectionPad2.uasset" 161
"../../../Engine/Content/MobileResources/HUD/MobileHUDDirectionPad3.uasset" 162
"../../../Engine/Content/MobileResources/HUD/MobileHUDDirectionStick.uasset" 163
"../../../Engine/Content/MobileResources/HUD/T_Castle_ThumbstickInner.uasset" 164
"../../../Engine/Content/MobileResources/HUD/T_Castle_ThumbstickOutter.uasset" 165
"../../../Engine/Content/Tutorial/ContentIntroCurve.uasset" 166
"../../../Engine/Content/Tutorial/Basics/LevelEditorAttract.uasset" 167
"../../../Engine/Content/Tutorial/Basics/TutorialAssets/icon_tab_Levels_40x.uasset" 168
"../../../Engine/Content/Tutorial/Basics/LevelEditorOverview.uasset" 169
"../../../Engine/Content/Tutorial/BlueprintTutorials/TutorialAssets/Blueprint_64x.uasset" 170
"../../../Engine/Content/Tutorial/BlueprintTutorials/BlueprintEditorTutorial.uasset" 171
"../../../Engine/Content/Tutorial/SubEditors/ParticleSystemEditorTutorial.uasset" 172
"../../../Engine/Content/Tutorial/SubEditors/TutorialAssets/T_SmokeSubUV_8X8.uasset" 173
"../../../Engine/Content/Tutorial/SubEditors/TutorialAssets/T_soft_smoke.uasset" 174
"../../../Engine/Content/Tutorial/SubEditors/TutorialAssets/M_smoke_subUV_blackbody.uasset" 175
"../../../Engine/Content/Tutorial/SubEditors/TutorialAssets/TutorialParticleSystem.uasset" 176
"../../../Engine/Content/VREditor/LaserPointer/VR_LaserPower_01.uasset" 177
"../../../Engine/Content/VREditor/TransformGizmo/TransformGizmoMaterial.uasset" 178
"../../../Engine/Content/VREditor/TransformGizmo/TranslucentTransformGizmoMaterial.uasset" 179
"../../../Engine/Content/VREditor/TransformGizmo/BoundingBoxCorner.uasset" 180
"../../../Engine/Content/VREditor/TransformGizmo/BoundingBoxEdge.uasset" 181
"../../../Engine/Content/VREditor/TransformGizmo/PlaneTranslationHandle.uasset" 182
"../../../Engine/Content/VREditor/TransformGizmo/Main.uasset" 183
"../../../Engine/Content/VREditor/TransformGizmo/Xray.uasset" 184
"../../../Engine/Content/VREditor/TransformGizmo/SM_Sequencer_Key.uasset" 185
"../../../Engine/Content/VREditor/TransformGizmo/SM_Sequencer_Node.uasset" 186
"../../Plugins/2D/Paper2D/Content/PlaceholderTextures/DummySpriteTexture.uasset" 187
"../../Plugins/2D/Paper2D/Content/DummySprite.uasset" 188
"../../Plugins/2D/Paper2D/Content/DefaultPaperTerrainMaterial.uasset" 189
"../../Plugins/2D/Paper2D/Content/DummySpriteTexture.uasset" 190
"../../Plugins/2D/Paper2D/Content/DefaultSpriteMaterial.uasset" 191
"../../Plugins/2D/Paper2D/Content/MaskedUnlitSpriteMaterial.uasset" 192
"../../Plugins/2D/Paper2D/Content/OpaqueUnlitSpriteMaterial.uasset" 193
"../../Plugins/Runtime/Oculus/OculusVR/Content/OculusMR_RenderTarget.uasset" 194
"../../../Engine/Content/Functions/Engine_MaterialFunctions02/Utility/BreakOutFloat4Components.uasset" 195
"../../../Engine/Content/Functions/Engine_MaterialFunctions02/Utility/MakeFloat2.uasset" 196
"../../../Engine/Content/Functions/Engine_MaterialFunctions02/Utility/MakeFloat3.uasset" 197
"../../Plugins/Runtime/Oculus/OculusVR/Content/Materials/OculusMR_ChromaKey.uasset" 198
"../../Plugins/Runtime/Oculus/OculusVR/Content/Materials/OculusMR_ChromaKey_Lit.uasset" 199
"../../Plugins/Runtime/Oculus/OculusVR/Content/Materials/OculusMR_OpaqueColoredMaterial.uasset" 200
"../../Plugins/Runtime/Oculus/OculusVR/Content/Materials/OculusMR_WhiteMaterial.uasset" 201
"../../Plugins/Runtime/Oculus/OculusVR/Content/Materials/PokeAHoleMaterial.uasset" 202
"../../Plugins/Runtime/Oculus/OculusVR/Content/Textures/GearVRController_AO.uasset" 203
"../../Plugins/Runtime/Oculus/OculusVR/Content/Textures/GearVRController_Color.uasset" 204
"../../Plugins/Runtime/Oculus/OculusVR/Content/Textures/GearVRController_Normal.uasset" 205
"../../Plugins/Runtime/Oculus/OculusVR/Content/Materials/GearVRControllerMaterial.uasset" 206
"../../Plugins/Runtime/Oculus/OculusVR/Content/Meshes/GearVrController.uasset" 207
"../../Plugins/Runtime/Oculus/OculusVR/Content/Textures/touchController_albedo.uasset" 208
"../../Plugins/Runtime/Oculus/OculusVR/Content/Textures/touchController_controlmap.uasset" 209
"../../Plugins/Runtime/Oculus/OculusVR/Content/Materials/touchController_mat.uasset" 210
"../../Plugins/Runtime/Oculus/OculusVR/Content/Meshes/LeftTouchController.uasset" 211
"../../Plugins/Runtime/Oculus/OculusVR/Content/Meshes/RiftHMD.uasset" 212
"../../Plugins/Runtime/Oculus/OculusVR/Content/Meshes/RightTouchController.uasset" 213
"../../../Engine/Content/EngineSky/C_Sky_Cloud_Color.uasset" 214
"../../../Engine/Content/EngineSky/C_Sky_Horizon_Color.uasset" 215
"../../../Engine/Content/EngineSky/C_Sky_Zenith_Color.uasset" 216
"../../../Engine/Content/EngineSky/T_Sky_Blue.uasset" 217
"../../../Engine/Content/EngineSky/T_Sky_Clouds_M.uasset" 218
"../../../Engine/Content/EngineSky/T_Sky_Stars.uasset" 219
"../../../Engine/Content/EngineSky/M_Sky_Panning_Clouds2.uasset" 220
"../../../Engine/Content/EngineSky/SM_SkySphere.uasset" 221
"../../../Engine/Content/EngineSky/BP_Sky_Sphere.uasset" 222
"D:/Documents/Unreal Projects/GridVillage/GridVillage/Content/Materials/M_River.uasset" 223
"D:/Documents/Unreal Projects/GridVillage/GridVillage/Content/Blueprints/GridBased/Child/Natural/BP_Water.uasset" 224
"D:/Documents/Unreal Projects/GridVillage/GridVillage/Content/Materials/M_Wood.uasset" 225
"D:/Documents/Unreal Projects/GridVillage/GridVillage/Content/Blueprints/GridBased/Child/Natural/BP_Wood.uasset" 226
"D:/Documents/Unreal Projects/GridVillage/GridVillage/Content/Blueprints/Directors/BP_GenerationDirector.uasset" 227
"../../../Engine/Content/BasicShapes/Plane.uasset" 228
"D:/Documents/Unreal Projects/GridVillage/GridVillage/Content/Maps/TestMap.umap" 229
"../../../Engine/Content/Maps/Entry_BuiltData.uasset" 230
"../../../Engine/Content/Maps/Entry.umap" 231
